2020-11-07 04:16:33.591 +03:00 [ERR] Comment form filled incorrectly: string is null or empty.
2020-11-07 04:16:33.674 +03:00 [ERR] Rating form filled incorrectly: stars are not in 1 to 5 range.
2020-11-07 04:16:33.811 +03:00 [ERR] Tracker c84f6202-06a1-4d97-afb6-2bc3a7e5f3e6 doesn't have customizationScale to add it to 9de5266d-8bd6-4ca1-95e1-69048a2607e5
2020-11-07 04:16:33.820 +03:00 [ERR] Geotag form filled incorrect: null coordinates
2020-11-07 04:16:38.354 +03:00 [ERR] Comment form filled incorrectly: string is null or empty.
2020-11-07 04:16:38.359 +03:00 [ERR] Rating form filled incorrectly: stars are not in 1 to 5 range.
2020-11-07 04:16:38.483 +03:00 [ERR] Tracker c84f6202-06a1-4d97-afb6-2bc3a7e5f3e6 doesn't have customizationScale to add it to c40cfd50-eb2e-4770-98b9-635f88fa5487
2020-11-07 04:16:38.489 +03:00 [ERR] Geotag form filled incorrect: null coordinates
2020-11-07 04:16:39.027 +03:00 [ERR] Comment form filled incorrectly: string is null or empty.
2020-11-07 04:16:39.030 +03:00 [ERR] Rating form filled incorrectly: stars are not in 1 to 5 range.
2020-11-07 04:16:39.148 +03:00 [ERR] Tracker c84f6202-06a1-4d97-afb6-2bc3a7e5f3e6 doesn't have customizationScale to add it to 556b509d-c712-42f2-bbd6-55365138b1c6
2020-11-07 04:16:39.152 +03:00 [ERR] Geotag form filled incorrect: null coordinates
2020-11-07 04:16:39.328 +03:00 [ERR] Comment form filled incorrectly: string is null or empty.
2020-11-07 04:16:39.331 +03:00 [ERR] Rating form filled incorrectly: stars are not in 1 to 5 range.
2020-11-07 04:16:39.809 +03:00 [ERR] Comment form filled incorrectly: string is null or empty.
2020-11-07 04:16:39.812 +03:00 [ERR] Rating form filled incorrectly: stars are not in 1 to 5 range.
2020-11-07 04:16:39.985 +03:00 [ERR] Tracker c84f6202-06a1-4d97-afb6-2bc3a7e5f3e6 doesn't have customizationScale to add it to abbf6209-7d1a-4014-9bcb-a911faac7a67
2020-11-07 04:16:39.988 +03:00 [ERR] Geotag form filled incorrect: null coordinates
2020-11-07 04:16:40.000 +03:00 [ERR] Comment form filled incorrectly: string is null or empty.
2020-11-07 04:16:40.003 +03:00 [ERR] Rating form filled incorrectly: stars are not in 1 to 5 range.
2020-11-07 04:16:40.106 +03:00 [ERR] Comment form filled incorrectly: string is null or empty.
2020-11-07 04:16:40.125 +03:00 [ERR] Rating form filled incorrectly: stars are not in 1 to 5 range.
2020-11-07 04:16:40.143 +03:00 [ERR] Comment form filled incorrectly: string is null or empty.
2020-11-07 04:16:40.146 +03:00 [ERR] Rating form filled incorrectly: stars are not in 1 to 5 range.
2020-11-07 04:16:40.197 +03:00 [ERR] Tracker c84f6202-06a1-4d97-afb6-2bc3a7e5f3e6 doesn't have customizationScale to add it to c1ff9541-90c2-49fc-9f94-fa1c70256bb2
2020-11-07 04:16:40.200 +03:00 [ERR] Geotag form filled incorrect: null coordinates
2020-11-07 04:16:40.331 +03:00 [ERR] Comment form filled incorrectly: string is null or empty.
2020-11-07 04:16:40.332 +03:00 [ERR] Tracker c84f6202-06a1-4d97-afb6-2bc3a7e5f3e6 doesn't have customizationScale to add it to 2f0e9f75-f426-441a-8469-13f716392818
2020-11-07 04:16:40.334 +03:00 [ERR] Rating form filled incorrectly: stars are not in 1 to 5 range.
2020-11-07 04:16:40.337 +03:00 [ERR] Geotag form filled incorrect: null coordinates
2020-11-07 04:16:40.338 +03:00 [ERR] Comment form filled incorrectly: string is null or empty.
2020-11-07 04:16:40.350 +03:00 [ERR] Rating form filled incorrectly: stars are not in 1 to 5 range.
2020-11-07 04:16:40.377 +03:00 [ERR] Tracker c84f6202-06a1-4d97-afb6-2bc3a7e5f3e6 doesn't have customizationScale to add it to dd4c0518-bede-48d6-94c9-97be91f28b49
2020-11-07 04:16:40.379 +03:00 [ERR] Geotag form filled incorrect: null coordinates
2020-11-07 04:16:40.456 +03:00 [ERR] Tracker c84f6202-06a1-4d97-afb6-2bc3a7e5f3e6 doesn't have customizationScale to add it to 5144b276-ce6a-4b2f-8e5a-b1a313b70937
2020-11-07 04:16:40.460 +03:00 [ERR] Geotag form filled incorrect: null coordinates
2020-11-07 04:16:40.494 +03:00 [ERR] Tracker c84f6202-06a1-4d97-afb6-2bc3a7e5f3e6 doesn't have customizationScale to add it to c9bd684c-e467-4550-93e5-8b3d60a0e986
2020-11-07 04:16:40.498 +03:00 [ERR] Geotag form filled incorrect: null coordinates
2020-11-07 04:16:40.519 +03:00 [ERR] Tracker c84f6202-06a1-4d97-afb6-2bc3a7e5f3e6 doesn't have customizationScale to add it to 311ffe47-e4c7-47d7-b84f-e184122bc31a
2020-11-07 04:16:40.522 +03:00 [ERR] Geotag form filled incorrect: null coordinates
2020-11-07 04:16:40.642 +03:00 [ERR] Comment form filled incorrectly: string is null or empty.
2020-11-07 04:16:40.645 +03:00 [ERR] Rating form filled incorrectly: stars are not in 1 to 5 range.
2020-11-07 04:16:40.785 +03:00 [ERR] Tracker c84f6202-06a1-4d97-afb6-2bc3a7e5f3e6 doesn't have customizationScale to add it to 9d1ea46f-1adf-4a6d-b6b0-9d53d0f18e45
2020-11-07 04:16:40.789 +03:00 [ERR] Geotag form filled incorrect: null coordinates
2020-11-07 04:16:40.798 +03:00 [ERR] Comment form filled incorrectly: string is null or empty.
2020-11-07 04:16:40.801 +03:00 [ERR] Rating form filled incorrectly: stars are not in 1 to 5 range.
2020-11-07 04:16:40.925 +03:00 [ERR] Comment form filled incorrectly: string is null or empty.
2020-11-07 04:16:40.928 +03:00 [ERR] Rating form filled incorrectly: stars are not in 1 to 5 range.
2020-11-07 04:16:40.943 +03:00 [ERR] Tracker c84f6202-06a1-4d97-afb6-2bc3a7e5f3e6 doesn't have customizationScale to add it to ed8e93ef-ed9b-48cb-a2a9-c75a8647b0c6
2020-11-07 04:16:40.947 +03:00 [ERR] Geotag form filled incorrect: null coordinates
2020-11-07 04:16:41.081 +03:00 [ERR] Tracker c84f6202-06a1-4d97-afb6-2bc3a7e5f3e6 doesn't have customizationScale to add it to da51d1e1-bca5-4c03-882d-613d25fe9053
2020-11-07 04:16:41.084 +03:00 [ERR] Geotag form filled incorrect: null coordinates
2020-11-07 04:16:41.149 +03:00 [ERR] Comment form filled incorrectly: string is null or empty.
2020-11-07 04:16:41.154 +03:00 [ERR] Rating form filled incorrectly: stars are not in 1 to 5 range.
2020-11-07 04:16:41.298 +03:00 [ERR] Tracker c84f6202-06a1-4d97-afb6-2bc3a7e5f3e6 doesn't have customizationScale to add it to 4d8f5c4a-b478-4cd5-9bfa-4793de462751
2020-11-07 04:16:41.306 +03:00 [ERR] Geotag form filled incorrect: null coordinates
2020-11-07 04:17:42.741 +03:00 [ERR] Comment form filled incorrectly: string is null or empty.
2020-11-07 04:17:42.745 +03:00 [ERR] Rating form filled incorrectly: stars are not in 1 to 5 range.
2020-11-07 04:17:42.887 +03:00 [ERR] Tracker c84f6202-06a1-4d97-afb6-2bc3a7e5f3e6 doesn't have customizationScale to add it to d5271187-c0ca-4cb6-8f5f-508678456ad1
2020-11-07 04:17:42.889 +03:00 [ERR] Geotag form filled incorrect: null coordinates
2020-11-07 04:17:44.833 +03:00 [ERR] Comment form filled incorrectly: string is null or empty.
2020-11-07 04:17:44.836 +03:00 [ERR] Rating form filled incorrectly: stars are not in 1 to 5 range.
2020-11-07 04:17:44.976 +03:00 [ERR] Tracker c84f6202-06a1-4d97-afb6-2bc3a7e5f3e6 doesn't have customizationScale to add it to 8ea6c0b3-9c7a-4d87-a636-ba366d978720
2020-11-07 04:17:44.979 +03:00 [ERR] Geotag form filled incorrect: null coordinates
2020-11-07 04:17:46.013 +03:00 [ERR] Comment form filled incorrectly: string is null or empty.
2020-11-07 04:17:46.018 +03:00 [ERR] Rating form filled incorrectly: stars are not in 1 to 5 range.
2020-11-07 04:17:46.166 +03:00 [ERR] Tracker c84f6202-06a1-4d97-afb6-2bc3a7e5f3e6 doesn't have customizationScale to add it to 7f869c73-2af6-4dcd-a7c9-fa01ee9e57b0
2020-11-07 04:17:46.171 +03:00 [ERR] Geotag form filled incorrect: null coordinates
2020-11-07 04:18:00.305 +03:00 [ERR] Comment form filled incorrectly: string is null or empty.
2020-11-07 04:18:00.309 +03:00 [ERR] Rating form filled incorrectly: stars are not in 1 to 5 range.
2020-11-07 04:18:00.450 +03:00 [ERR] Tracker c84f6202-06a1-4d97-afb6-2bc3a7e5f3e6 doesn't have customizationScale to add it to 26573171-12f8-4a73-9c18-2d9c238aa0ca
2020-11-07 04:18:00.453 +03:00 [ERR] Geotag form filled incorrect: null coordinates
2020-11-07 04:18:01.009 +03:00 [ERR] Comment form filled incorrectly: string is null or empty.
2020-11-07 04:18:01.013 +03:00 [ERR] Rating form filled incorrectly: stars are not in 1 to 5 range.
2020-11-07 04:18:01.160 +03:00 [ERR] Tracker c84f6202-06a1-4d97-afb6-2bc3a7e5f3e6 doesn't have customizationScale to add it to c6aa4d51-b8fd-4141-91ec-badc145649d6
2020-11-07 04:18:01.165 +03:00 [ERR] Geotag form filled incorrect: null coordinates
2020-11-07 04:18:01.435 +03:00 [ERR] Comment form filled incorrectly: string is null or empty.
2020-11-07 04:18:01.438 +03:00 [ERR] Rating form filled incorrectly: stars are not in 1 to 5 range.
2020-11-07 04:18:01.579 +03:00 [ERR] Tracker c84f6202-06a1-4d97-afb6-2bc3a7e5f3e6 doesn't have customizationScale to add it to d5b3d89f-ef49-4b76-a016-8a7c0c39f11f
2020-11-07 04:18:01.582 +03:00 [ERR] Geotag form filled incorrect: null coordinates
2020-11-07 04:18:01.585 +03:00 [ERR] Comment form filled incorrectly: string is null or empty.
2020-11-07 04:18:01.588 +03:00 [ERR] Rating form filled incorrectly: stars are not in 1 to 5 range.
2020-11-07 04:18:01.729 +03:00 [ERR] Tracker c84f6202-06a1-4d97-afb6-2bc3a7e5f3e6 doesn't have customizationScale to add it to 2e97e3ee-c738-43ab-a703-9df701dacc2d
2020-11-07 04:18:01.732 +03:00 [ERR] Geotag form filled incorrect: null coordinates
2020-11-07 04:18:01.769 +03:00 [ERR] Comment form filled incorrectly: string is null or empty.
2020-11-07 04:18:01.772 +03:00 [ERR] Rating form filled incorrectly: stars are not in 1 to 5 range.
2020-11-07 04:18:01.913 +03:00 [ERR] Tracker c84f6202-06a1-4d97-afb6-2bc3a7e5f3e6 doesn't have customizationScale to add it to 97b5c726-b671-4f8f-9718-683f1d0dbf2b
2020-11-07 04:18:01.915 +03:00 [ERR] Geotag form filled incorrect: null coordinates
2020-11-07 04:18:01.979 +03:00 [ERR] Comment form filled incorrectly: string is null or empty.
2020-11-07 04:18:01.982 +03:00 [ERR] Rating form filled incorrectly: stars are not in 1 to 5 range.
2020-11-07 04:18:02.123 +03:00 [ERR] Tracker c84f6202-06a1-4d97-afb6-2bc3a7e5f3e6 doesn't have customizationScale to add it to 68af59e3-9ca8-41be-bacd-8774e92833d5
2020-11-07 04:18:02.126 +03:00 [ERR] Geotag form filled incorrect: null coordinates
2020-11-07 04:18:02.493 +03:00 [ERR] Comment form filled incorrectly: string is null or empty.
2020-11-07 04:18:02.498 +03:00 [ERR] Rating form filled incorrectly: stars are not in 1 to 5 range.
2020-11-07 04:18:02.645 +03:00 [ERR] Tracker c84f6202-06a1-4d97-afb6-2bc3a7e5f3e6 doesn't have customizationScale to add it to b924b08c-4b63-4ee9-a18f-a30e577fa860
2020-11-07 04:18:02.649 +03:00 [ERR] Geotag form filled incorrect: null coordinates
2020-11-07 04:18:02.675 +03:00 [ERR] Comment form filled incorrectly: string is null or empty.
2020-11-07 04:18:02.680 +03:00 [ERR] Rating form filled incorrectly: stars are not in 1 to 5 range.
2020-11-07 04:18:02.826 +03:00 [ERR] Tracker c84f6202-06a1-4d97-afb6-2bc3a7e5f3e6 doesn't have customizationScale to add it to fd8f8cb6-bf1a-42da-b753-05072c75ff0d
2020-11-07 04:18:02.831 +03:00 [ERR] Geotag form filled incorrect: null coordinates
2020-11-07 04:18:02.834 +03:00 [ERR] Comment form filled incorrectly: string is null or empty.
2020-11-07 04:18:02.844 +03:00 [ERR] Rating form filled incorrectly: stars are not in 1 to 5 range.
2020-11-07 04:18:02.989 +03:00 [ERR] Tracker c84f6202-06a1-4d97-afb6-2bc3a7e5f3e6 doesn't have customizationScale to add it to 2bb6b1f2-4d63-4e12-bc43-e253e67faf89
2020-11-07 04:18:02.994 +03:00 [ERR] Geotag form filled incorrect: null coordinates
2020-11-07 04:18:03.001 +03:00 [ERR] Comment form filled incorrectly: string is null or empty.
2020-11-07 04:18:03.016 +03:00 [ERR] Rating form filled incorrectly: stars are not in 1 to 5 range.
2020-11-07 04:18:03.139 +03:00 [ERR] Comment form filled incorrectly: string is null or empty.
2020-11-07 04:18:03.144 +03:00 [ERR] Rating form filled incorrectly: stars are not in 1 to 5 range.
2020-11-07 04:18:03.170 +03:00 [ERR] Tracker c84f6202-06a1-4d97-afb6-2bc3a7e5f3e6 doesn't have customizationScale to add it to d4c1eee6-e649-49a4-8ed6-95e5f1a22c46
2020-11-07 04:18:03.176 +03:00 [ERR] Geotag form filled incorrect: null coordinates
2020-11-07 04:18:03.299 +03:00 [ERR] Tracker c84f6202-06a1-4d97-afb6-2bc3a7e5f3e6 doesn't have customizationScale to add it to 624c052b-439a-403e-b364-cd7f6213b5c1
2020-11-07 04:18:03.302 +03:00 [ERR] Geotag form filled incorrect: null coordinates
2020-11-07 04:18:03.316 +03:00 [ERR] Comment form filled incorrectly: string is null or empty.
2020-11-07 04:18:03.320 +03:00 [ERR] Rating form filled incorrectly: stars are not in 1 to 5 range.
2020-11-07 04:18:03.434 +03:00 [ERR] Comment form filled incorrectly: string is null or empty.
2020-11-07 04:18:03.440 +03:00 [ERR] Rating form filled incorrectly: stars are not in 1 to 5 range.
2020-11-07 04:18:03.464 +03:00 [ERR] Tracker c84f6202-06a1-4d97-afb6-2bc3a7e5f3e6 doesn't have customizationScale to add it to c09d5899-1953-4a8f-9f77-5a505f0e9491
2020-11-07 04:18:03.472 +03:00 [ERR] Geotag form filled incorrect: null coordinates
2020-11-07 04:18:03.587 +03:00 [ERR] Tracker c84f6202-06a1-4d97-afb6-2bc3a7e5f3e6 doesn't have customizationScale to add it to 66bef853-df25-4f3f-9a13-fdb651af135c
2020-11-07 04:18:03.590 +03:00 [ERR] Geotag form filled incorrect: null coordinates
2020-11-07 04:18:03.613 +03:00 [ERR] Comment form filled incorrectly: string is null or empty.
2020-11-07 04:18:03.615 +03:00 [ERR] Rating form filled incorrectly: stars are not in 1 to 5 range.
2020-11-07 04:18:03.754 +03:00 [ERR] Tracker c84f6202-06a1-4d97-afb6-2bc3a7e5f3e6 doesn't have customizationScale to add it to bd0ebe32-fc23-456e-aaf2-8a4d7cafabf2
2020-11-07 04:18:03.756 +03:00 [ERR] Comment form filled incorrectly: string is null or empty.
2020-11-07 04:18:03.760 +03:00 [ERR] Geotag form filled incorrect: null coordinates
2020-11-07 04:18:03.797 +03:00 [ERR] Rating form filled incorrectly: stars are not in 1 to 5 range.
2020-11-07 04:18:03.953 +03:00 [ERR] Tracker c84f6202-06a1-4d97-afb6-2bc3a7e5f3e6 doesn't have customizationScale to add it to 2392a640-2726-4e15-bd88-c624d50bb121
2020-11-07 04:18:03.955 +03:00 [ERR] Geotag form filled incorrect: null coordinates
2020-11-07 04:18:04.001 +03:00 [ERR] Comment form filled incorrectly: string is null or empty.
2020-11-07 04:18:04.008 +03:00 [ERR] Rating form filled incorrectly: stars are not in 1 to 5 range.
2020-11-07 04:18:04.158 +03:00 [ERR] Tracker c84f6202-06a1-4d97-afb6-2bc3a7e5f3e6 doesn't have customizationScale to add it to 3ceddd4d-5653-430e-abf5-a85f9a893bce
2020-11-07 04:18:04.162 +03:00 [ERR] Geotag form filled incorrect: null coordinates
